This is pdfTeX, Version 3.141592653-2.6-1.40.27 (MiKTeX 25.4) (preloaded format=pdflatex 2025.8.6)  7 AUG 2025 14:22
entering extended mode
 restricted \write18 enabled.
 %&-line parsing enabled.
**C:/Users/m4xbr/OneDrive/Documents/GitHub/encyclopedia_project/output/foundati
ons-preliminaries-mathematical-logic-proof-techniques-formal-systems-and-axioma
tic-methods.tex

(C:/Users/m4xbr/OneDrive/Documents/GitHub/encyclopedia_project/output/foundatio
ns-preliminaries-mathematical-logic-proof-techniques-formal-systems-and-axiomat
ic-methods.tex
LaTeX2e <2025-06-01> patch level 1
L3 programming layer <2025-07-19>
(C:\Users\m4xbr\AppData\Local\Programs\MiKTeX\tex/latex/base\article.cls
Document Class: article 2025/01/22 v1.4n Standard LaTeX document class
(C:\Users\m4xbr\AppData\Local\Programs\MiKTeX\tex/latex/base\size12.clo
File: size12.clo 2025/01/22 v1.4n Standard LaTeX file (size option)
)
\c@part=\count275
\c@section=\count276
\c@subsection=\count277
\c@subsubsection=\count278
\c@paragraph=\count279
\c@subparagraph=\count280
\c@figure=\count281
\c@table=\count282
\abovecaptionskip=\skip49
\belowcaptionskip=\skip50
\bibindent=\dimen148
)
(C:\Users\m4xbr\AppData\Local\Programs\MiKTeX\tex/latex/base\inputenc.sty
Package: inputenc 2024/02/08 v1.3d Input encoding file
\inpenc@prehook=\toks17
\inpenc@posthook=\toks18
)
(C:\Users\m4xbr\AppData\Local\Programs\MiKTeX\tex/latex/amsmath\amsmath.sty
Package: amsmath 2025/06/16 v2.17y AMS math features
\@mathmargin=\skip51

For additional information on amsmath, use the `?' option.
(C:\Users\m4xbr\AppData\Local\Programs\MiKTeX\tex/latex/amsmath\amstext.sty
Package: amstext 2024/11/17 v2.01 AMS text

(C:\Users\m4xbr\AppData\Local\Programs\MiKTeX\tex/latex/amsmath\amsgen.sty
File: amsgen.sty 1999/11/30 v2.0 generic functions
\@emptytoks=\toks19
\ex@=\dimen149
))
(C:\Users\m4xbr\AppData\Local\Programs\MiKTeX\tex/latex/amsmath\amsbsy.sty
Package: amsbsy 1999/11/29 v1.2d Bold Symbols
\pmbraise@=\dimen150
)
(C:\Users\m4xbr\AppData\Local\Programs\MiKTeX\tex/latex/amsmath\amsopn.sty
Package: amsopn 2022/04/08 v2.04 operator names
)
\inf@bad=\count283
LaTeX Info: Redefining \frac on input line 233.
\uproot@=\count284
\leftroot@=\count285
LaTeX Info: Redefining \overline on input line 398.
LaTeX Info: Redefining \colon on input line 409.
\classnum@=\count286
\DOTSCASE@=\count287
LaTeX Info: Redefining \ldots on input line 495.
LaTeX Info: Redefining \dots on input line 498.
LaTeX Info: Redefining \cdots on input line 619.
\Mathstrutbox@=\box53
\strutbox@=\box54
LaTeX Info: Redefining \big on input line 721.
LaTeX Info: Redefining \Big on input line 722.
LaTeX Info: Redefining \bigg on input line 723.
LaTeX Info: Redefining \Bigg on input line 724.
\big@size=\dimen151
LaTeX Font Info:    Redeclaring font encoding OML on input line 742.
LaTeX Font Info:    Redeclaring font encoding OMS on input line 743.
\macc@depth=\count288
LaTeX Info: Redefining \bmod on input line 904.
LaTeX Info: Redefining \pmod on input line 909.
LaTeX Info: Redefining \smash on input line 939.
LaTeX Info: Redefining \relbar on input line 969.
LaTeX Info: Redefining \Relbar on input line 970.
\c@MaxMatrixCols=\count289
\dotsspace@=\muskip17
\c@parentequation=\count290
\dspbrk@lvl=\count291
\tag@help=\toks20
\row@=\count292
\column@=\count293
\maxfields@=\count294
\andhelp@=\toks21
\eqnshift@=\dimen152
\alignsep@=\dimen153
\tagshift@=\dimen154
\tagwidth@=\dimen155
\totwidth@=\dimen156
\lineht@=\dimen157
\@envbody=\toks22
\multlinegap=\skip52
\multlinetaggap=\skip53
\mathdisplay@stack=\toks23
LaTeX Info: Redefining \[ on input line 2949.
LaTeX Info: Redefining \] on input line 2950.
)
(C:\Users\m4xbr\AppData\Local\Programs\MiKTeX\tex/latex/amsfonts\amssymb.sty
Package: amssymb 2013/01/14 v3.01 AMS font symbols

(C:\Users\m4xbr\AppData\Local\Programs\MiKTeX\tex/latex/amsfonts\amsfonts.sty
Package: amsfonts 2013/01/14 v3.01 Basic AMSFonts support
\symAMSa=\mathgroup4
\symAMSb=\mathgroup5
LaTeX Font Info:    Redeclaring math symbol \hbar on input line 98.
LaTeX Font Info:    Overwriting math alphabet `\mathfrak' in version `bold'
(Font)                  U/euf/m/n --> U/euf/b/n on input line 106.
)) (C:\Users\m4xbr\AppData\Local\Programs\MiKTeX\tex/latex/geometry\geometry.st
y
Package: geometry 2020/01/02 v5.9 Page Geometry

(C:\Users\m4xbr\AppData\Local\Programs\MiKTeX\tex/latex/graphics\keyval.sty
Package: keyval 2022/05/29 v1.15 key=value parser (DPC)
\KV@toks@=\toks24
)
(C:\Users\m4xbr\AppData\Local\Programs\MiKTeX\tex/generic/iftex\ifvtex.sty
Package: ifvtex 2019/10/25 v1.7 ifvtex legacy package. Use iftex instead.

(C:\Users\m4xbr\AppData\Local\Programs\MiKTeX\tex/generic/iftex\iftex.sty
Package: iftex 2024/12/12 v1.0g TeX engine tests
))
\Gm@cnth=\count295
\Gm@cntv=\count296
\c@Gm@tempcnt=\count297
\Gm@bindingoffset=\dimen158
\Gm@wd@mp=\dimen159
\Gm@odd@mp=\dimen160
\Gm@even@mp=\dimen161
\Gm@layoutwidth=\dimen162
\Gm@layoutheight=\dimen163
\Gm@layouthoffset=\dimen164
\Gm@layoutvoffset=\dimen165
\Gm@dimlist=\toks25

(C:\Users\m4xbr\AppData\Local\Programs\MiKTeX\tex/latex/geometry\geometry.cfg))
(C:\Users\m4xbr\AppData\Local\Programs\MiKTeX\tex/latex/titlesec\titlesec.sty
Package: titlesec 2025/01/04 v2.17 Sectioning titles
\ttl@box=\box55
\beforetitleunit=\skip54
\aftertitleunit=\skip55
\ttl@plus=\dimen166
\ttl@minus=\dimen167
\ttl@toksa=\toks26
\titlewidth=\dimen168
\titlewidthlast=\dimen169
\titlewidthfirst=\dimen170
)
(C:\Users\m4xbr\AppData\Local\Programs\MiKTeX\tex/latex/hyperref\hyperref.sty
Package: hyperref 2025-07-12 v7.01o Hypertext links for LaTeX

(C:\Users\m4xbr\AppData\Local\Programs\MiKTeX\tex/latex/kvsetkeys\kvsetkeys.sty
Package: kvsetkeys 2022-10-05 v1.19 Key value parser (HO)
)
(C:\Users\m4xbr\AppData\Local\Programs\MiKTeX\tex/generic/kvdefinekeys\kvdefine
keys.sty
Package: kvdefinekeys 2019-12-19 v1.6 Define keys (HO)
)
(C:\Users\m4xbr\AppData\Local\Programs\MiKTeX\tex/generic/pdfescape\pdfescape.s
ty
Package: pdfescape 2019/12/09 v1.15 Implements pdfTeX's escape features (HO)

(C:\Users\m4xbr\AppData\Local\Programs\MiKTeX\tex/generic/ltxcmds\ltxcmds.sty
Package: ltxcmds 2023-12-04 v1.26 LaTeX kernel commands for general use (HO)
)
(C:\Users\m4xbr\AppData\Local\Programs\MiKTeX\tex/generic/pdftexcmds\pdftexcmds
.sty
Package: pdftexcmds 2020-06-27 v0.33 Utility functions of pdfTeX for LuaTeX (HO
)

(C:\Users\m4xbr\AppData\Local\Programs\MiKTeX\tex/generic/infwarerr\infwarerr.s
ty
Package: infwarerr 2019/12/03 v1.5 Providing info/warning/error messages (HO)
)
Package pdftexcmds Info: \pdf@primitive is available.
Package pdftexcmds Info: \pdf@ifprimitive is available.
Package pdftexcmds Info: \pdfdraftmode found.
))
(C:\Users\m4xbr\AppData\Local\Programs\MiKTeX\tex/latex/hycolor\hycolor.sty
Package: hycolor 2020-01-27 v1.10 Color options for hyperref/bookmark (HO)
)
(C:\Users\m4xbr\AppData\Local\Programs\MiKTeX\tex/latex/hyperref\nameref.sty
Package: nameref 2025-06-21 v2.57 Cross-referencing by name of section

(C:\Users\m4xbr\AppData\Local\Programs\MiKTeX\tex/latex/refcount\refcount.sty
Package: refcount 2019/12/15 v3.6 Data extraction from label references (HO)
)
(C:\Users\m4xbr\AppData\Local\Programs\MiKTeX\tex/generic/gettitlestring\gettit
lestring.sty
Package: gettitlestring 2019/12/15 v1.6 Cleanup title references (HO)

(C:\Users\m4xbr\AppData\Local\Programs\MiKTeX\tex/latex/kvoptions\kvoptions.sty
Package: kvoptions 2022-06-15 v3.15 Key value format for package options (HO)
))
\c@section@level=\count298
)
(C:\Users\m4xbr\AppData\Local\Programs\MiKTeX\tex/latex/etoolbox\etoolbox.sty
Package: etoolbox 2025/02/11 v2.5l e-TeX tools for LaTeX (JAW)
\etb@tempcnta=\count299
)
(C:\Users\m4xbr\AppData\Local\Programs\MiKTeX\tex/generic/stringenc\stringenc.s
ty
Package: stringenc 2019/11/29 v1.12 Convert strings between diff. encodings (HO
)
)
\@linkdim=\dimen171
\Hy@linkcounter=\count300
\Hy@pagecounter=\count301
 (C:\Users\m4xbr\AppData\Local\Programs\MiKTeX\tex/latex/hyperref\pd1enc.def
File: pd1enc.def 2025-07-12 v7.01o Hyperref: PDFDocEncoding definition (HO)
Now handling font encoding PD1 ...
... no UTF-8 mapping file for font encoding PD1
) (C:\Users\m4xbr\AppData\Local\Programs\MiKTeX\tex/generic/intcalc\intcalc.sty
Package: intcalc 2019/12/15 v1.3 Expandable calculations with integers (HO)
)
\Hy@SavedSpaceFactor=\count302
 (C:\Users\m4xbr\AppData\Local\Programs\MiKTeX\tex/latex/hyperref\puenc.def
File: puenc.def 2025-07-12 v7.01o Hyperref: PDF Unicode definition (HO)
Now handling font encoding PU ...
... no UTF-8 mapping file for font encoding PU
)
Package hyperref Info: Hyper figures OFF on input line 4195.
Package hyperref Info: Link nesting OFF on input line 4200.
Package hyperref Info: Hyper index ON on input line 4203.
Package hyperref Info: Plain pages OFF on input line 4210.
Package hyperref Info: Backreferencing OFF on input line 4215.
Package hyperref Info: Implicit mode ON; LaTeX internals redefined.
Package hyperref Info: Bookmarks ON on input line 4462.
\c@Hy@tempcnt=\count303

(C:\Users\m4xbr\AppData\Local\Programs\MiKTeX\tex/latex/url\url.sty
\Urlmuskip=\muskip18
Package: url 2013/09/16  ver 3.4  Verb mode for urls, etc.
)
LaTeX Info: Redefining \url on input line 4801.
\XeTeXLinkMargin=\dimen172

(C:\Users\m4xbr\AppData\Local\Programs\MiKTeX\tex/generic/bitset\bitset.sty
Package: bitset 2019/12/09 v1.3 Handle bit-vector datatype (HO)

(C:\Users\m4xbr\AppData\Local\Programs\MiKTeX\tex/generic/bigintcalc\bigintcalc
.sty
Package: bigintcalc 2019/12/15 v1.5 Expandable calculations on big integers (HO
)
))
\Fld@menulength=\count304
\Field@Width=\dimen173
\Fld@charsize=\dimen174
Package hyperref Info: Hyper figures OFF on input line 6078.
Package hyperref Info: Link nesting OFF on input line 6083.
Package hyperref Info: Hyper index ON on input line 6086.
Package hyperref Info: backreferencing OFF on input line 6093.
Package hyperref Info: Link coloring OFF on input line 6098.
Package hyperref Info: Link coloring with OCG OFF on input line 6103.
Package hyperref Info: PDF/A mode OFF on input line 6108.
\Hy@abspage=\count305
\c@Item=\count306
\c@Hfootnote=\count307
)
Package hyperref Info: Driver (autodetected): hpdftex.

(C:\Users\m4xbr\AppData\Local\Programs\MiKTeX\tex/latex/hyperref\hpdftex.def
File: hpdftex.def 2025-07-12 v7.01o Hyperref driver for pdfTeX
\Fld@listcount=\count308
\c@bookmark@seq@number=\count309

(C:\Users\m4xbr\AppData\Local\Programs\MiKTeX\tex/latex/rerunfilecheck\rerunfil
echeck.sty
Package: rerunfilecheck 2025-06-21 v1.11 Rerun checks for auxiliary files (HO)

(C:\Users\m4xbr\AppData\Local\Programs\MiKTeX\tex/generic/uniquecounter\uniquec
ounter.sty
Package: uniquecounter 2019/12/15 v1.4 Provide unlimited unique counter (HO)
)
Package uniquecounter Info: New unique counter `rerunfilecheck' on input line 2
84.
)
\Hy@SectionHShift=\skip56
)
(C:\Users\m4xbr\AppData\Local\Programs\MiKTeX\tex/latex/l3backend\l3backend-pdf
tex.def
File: l3backend-pdftex.def 2025-06-09 L3 backend support: PDF output (pdfTeX)
\l__color_backend_stack_int=\count310
)
No file foundations-preliminaries-mathematical-logic-proof-techniques-formal-sy
stems-and-axiomatic-methods.aux.
\openout1 = `foundations-preliminaries-mathematical-logic-proof-techniques-form
al-systems-and-axiomatic-methods.aux'.

LaTeX Font Info:    Checking defaults for OML/cmm/m/it on input line 13.
LaTeX Font Info:    ... okay on input line 13.
LaTeX Font Info:    Checking defaults for OMS/cmsy/m/n on input line 13.
LaTeX Font Info:    ... okay on input line 13.
LaTeX Font Info:    Checking defaults for OT1/cmr/m/n on input line 13.
LaTeX Font Info:    ... okay on input line 13.
LaTeX Font Info:    Checking defaults for T1/cmr/m/n on input line 13.
LaTeX Font Info:    ... okay on input line 13.
LaTeX Font Info:    Checking defaults for TS1/cmr/m/n on input line 13.
LaTeX Font Info:    ... okay on input line 13.
LaTeX Font Info:    Checking defaults for OMX/cmex/m/n on input line 13.
LaTeX Font Info:    ... okay on input line 13.
LaTeX Font Info:    Checking defaults for U/cmr/m/n on input line 13.
LaTeX Font Info:    ... okay on input line 13.
LaTeX Font Info:    Checking defaults for PD1/pdf/m/n on input line 13.
LaTeX Font Info:    ... okay on input line 13.
LaTeX Font Info:    Checking defaults for PU/pdf/m/n on input line 13.
LaTeX Font Info:    ... okay on input line 13.
*geometry* driver: auto-detecting
*geometry* detected driver: pdftex
*geometry* verbose mode - [ preamble ] result:
* driver: pdftex
* paper: <default>
* layout: <same size as paper>
* layoutoffset:(h,v)=(0.0pt,0.0pt)
* modes: 
* h-part:(L,W,R)=(72.26999pt, 469.75502pt, 72.26999pt)
* v-part:(T,H,B)=(72.26999pt, 650.43001pt, 72.26999pt)
* \paperwidth=614.295pt
* \paperheight=794.96999pt
* \textwidth=469.75502pt
* \textheight=650.43001pt
* \oddsidemargin=0.0pt
* \evensidemargin=0.0pt
* \topmargin=-37.0pt
* \headheight=12.0pt
* \headsep=25.0pt
* \topskip=12.0pt
* \footskip=30.0pt
* \marginparwidth=44.0pt
* \marginparsep=10.0pt
* \columnsep=10.0pt
* \skip\footins=10.8pt plus 4.0pt minus 2.0pt
* \hoffset=0.0pt
* \voffset=0.0pt
* \mag=1000
* \@twocolumnfalse
* \@twosidefalse
* \@mparswitchfalse
* \@reversemarginfalse
* (1in=72.27pt=25.4mm, 1cm=28.453pt)

Package hyperref Info: Link coloring OFF on input line 13.
\@outlinefile=\write3
\openout3 = `foundations-preliminaries-mathematical-logic-proof-techniques-form
al-systems-and-axiomatic-methods.out'.

LaTeX Font Info:    Trying to load font information for OMS+cmr on input line 2
0.
(C:\Users\m4xbr\AppData\Local\Programs\MiKTeX\tex/latex/base\omscmr.fd
File: omscmr.fd 2024/11/19 v2.5n Standard LaTeX font definitions
)
LaTeX Font Info:    Font shape `OMS/cmr/m/n' in size <12> not available
(Font)              Font shape `OMS/cmsy/m/n' tried instead on input line 20.

! Misplaced alignment tab character &.
l.21 ...n\} Mathematical Logic \textbackslash\{\}&
                                                   Foundations
I can't figure out why you would want to use a tab mark
here. If you just want an ampersand, the remedy is
simple: Just type `I\&' now. But if some right brace
up above has ended a previous alignment prematurely,
you're probably due for more error messages, and you
might try typing `S' now just to see what is salvageable.

! Misplaced alignment tab character &.
l.40 \textbackslash\{\}&
                         \textbackslash\{\}forall A, B \textbackslash\{\} (A...
I can't figure out why you would want to use a tab mark
here. If you just want an ampersand, the remedy is
simple: Just type `I\&' now. But if some right brace
up above has ended a previous alignment prematurely,
you're probably due for more error messages, and you
might try typing `S' now just to see what is salvageable.

! Misplaced alignment tab character &.
l.41 \textbackslash\{\}&
                         \textbackslash\{\}forall x, y \textbackslash\{\} \t...
I can't figure out why you would want to use a tab mark
here. If you just want an ampersand, the remedy is
simple: Just type `I\&' now. But if some right brace
up above has ended a previous alignment prematurely,
you're probably due for more error messages, and you
might try typing `S' now just to see what is salvageable.

! Misplaced alignment tab character &.
l.42 \textbackslash\{\}&
                         \textbackslash\{\}forall A \textbackslash\{\} \text...
I can't figure out why you would want to use a tab mark
here. If you just want an ampersand, the remedy is
simple: Just type `I\&' now. But if some right brace
up above has ended a previous alignment prematurely,
you're probably due for more error messages, and you
might try typing `S' now just to see what is salvageable.

! Misplaced alignment tab character &.
l.43 \textbackslash\{\}&
                         \textbackslash\{\}forall A \textbackslash\{\} \text...
I can't figure out why you would want to use a tab mark
here. If you just want an ampersand, the remedy is
simple: Just type `I\&' now. But if some right brace
up above has ended a previous alignment prematurely,
you're probably due for more error messages, and you
might try typing `S' now just to see what is salvageable.

! Misplaced alignment tab character &.
l.44 \textbackslash\{\}&
                         \textbackslash\{\}exists A\textbackslash\{\}_0 \tex...
I can't figure out why you would want to use a tab mark
here. If you just want an ampersand, the remedy is
simple: Just type `I\&' now. But if some right brace
up above has ended a previous alignment prematurely,
you're probably due for more error messages, and you
might try typing `S' now just to see what is salvageable.

! Missing $ inserted.
<inserted text> 
                $
l.44 ...xtbackslash\{\}exists A\textbackslash\{\}_
                                                  0 \textbackslash\{\} (\tex...
I've inserted a begin-math/end-math symbol since I think
you left one out. Proceed, with fingers crossed.

LaTeX Font Info:    Trying to load font information for U+msa on input line 44.

(C:\Users\m4xbr\AppData\Local\Programs\MiKTeX\tex/latex/amsfonts\umsa.fd
File: umsa.fd 2013/01/14 v3.01 AMS symbols A
)
LaTeX Font Info:    Trying to load font information for U+msb on input line 44.


(C:\Users\m4xbr\AppData\Local\Programs\MiKTeX\tex/latex/amsfonts\umsb.fd
File: umsb.fd 2013/01/14 v3.01 AMS symbols B
)

LaTeX Warning: Command \textbackslash invalid in math mode on input line 44.


LaTeX Warning: Command \textbackslash invalid in math mode on input line 44.


LaTeX Warning: Command \textbackslash invalid in math mode on input line 44.


LaTeX Warning: Command \textbackslash invalid in math mode on input line 44.


LaTeX Warning: Command \textbackslash invalid in math mode on input line 44.


LaTeX Warning: Command \textbackslash invalid in math mode on input line 44.


LaTeX Warning: Command \textbackslash invalid in math mode on input line 44.


LaTeX Warning: Command \textbackslash invalid in math mode on input line 44.


LaTeX Warning: Command \textbackslash invalid in math mode on input line 44.


LaTeX Warning: Command \textbackslash invalid in math mode on input line 44.


LaTeX Warning: Command \textbackslash invalid in math mode on input line 44.


LaTeX Warning: Command \textbackslash invalid in math mode on input line 44.


LaTeX Warning: Command \textbackslash invalid in math mode on input line 44.


LaTeX Warning: Command \textbackslash invalid in math mode on input line 44.


LaTeX Warning: Command \textbackslash invalid in math mode on input line 44.


LaTeX Warning: Command \textbackslash invalid in math mode on input line 44.


LaTeX Warning: Command \textbackslash invalid in math mode on input line 44.


LaTeX Warning: Command \textbackslash invalid in math mode on input line 44.


LaTeX Warning: Command \textbackslash invalid in math mode on input line 44.


LaTeX Warning: Command \textbackslash invalid in math mode on input line 44.


LaTeX Warning: Command \textbackslash invalid in math mode on input line 44.


LaTeX Warning: Command \textbackslash invalid in math mode on input line 44.


LaTeX Warning: Command \textbackslash invalid in math mode on input line 44.


LaTeX Warning: Command \textbackslash invalid in math mode on input line 44.


LaTeX Warning: Command \textbackslash invalid in math mode on input line 44.


LaTeX Warning: Command \textbackslash invalid in math mode on input line 44.


LaTeX Warning: Command \textbackslash invalid in math mode on input line 44.


LaTeX Warning: Command \textbackslash invalid in math mode on input line 44.


LaTeX Warning: Command \textbackslash invalid in math mode on input line 44.


LaTeX Warning: Command \textbackslash invalid in math mode on input line 44.


LaTeX Warning: Command \textbackslash invalid in math mode on input line 44.


LaTeX Warning: Command \textbackslash invalid in math mode on input line 44.


LaTeX Warning: Command \textbackslash invalid in math mode on input line 45.


LaTeX Warning: Command \textbackslash invalid in math mode on input line 45.

! Missing $ inserted.
<inserted text> 
                $
l.46 
     
I've inserted a begin-math/end-math symbol since I think
you left one out. Proceed, with fingers crossed.


Overfull \hbox (9.53323pt too wide) in paragraph at lines 39--46
\OMS/cmsy/m/n/12 nfgnfg nfg nfg\OT1/cmr/m/n/12 forall A \OMS/cmsy/m/n/12 nfg nf
g\OT1/cmr/m/n/12 exists B \OMS/cmsy/m/n/12 nfg \OT1/cmr/m/n/12 (B = \OMS/cmsy/m
/n/12 nfg\OT1/cmr/m/n/12 mathcal\OMS/cmsy/m/n/12 f\OT1/cmr/m/n/12 P\OMS/cmsy/m/
n/12 g\OT1/cmr/m/n/12 (A)) \OMS/cmsy/m/n/12 nfg\OT1/cmr/m/n/12 quad \OMS/cmsy/m
/n/12 nfg\OT1/cmr/m/n/12 text\OMS/cmsy/m/n/12 f\OT1/cmr/m/n/12 (Axiom
 []


Overfull \hbox (593.50806pt too wide) in paragraph at lines 39--46
\OT1/cmr/m/n/12 of Power Set)\OMS/cmsy/m/n/12 g nfgnfg nfg nfg\OT1/cmr/m/n/12 e
xists A\OMS/cmsy/m/n/12 nfg$[]\OML/cmm/m/it/12 n\OMS/cmsy/m/n/12 fg\OT1/cmr/m/n
/12 (\OML/cmm/m/it/12 n\OMS/cmsy/m/n/12 fg\OML/cmm/m/it/12 varnothingn\OMS/cmsy
/m/n/12 fg\OML/cmm/m/it/12 inAn\OMS/cmsy/m/n/12 fg[]\OML/cmm/m/it/12 n\OMS/cmsy
/m/n/12 fg\OML/cmm/m/it/12 landn\OMS/cmsy/m/n/12 fg\OML/cmm/m/it/12 forallx\OT1
/cmr/m/n/12 (\OML/cmm/m/it/12 xn\OMS/cmsy/m/n/12 fg\OML/cmm/m/it/12 inAn\OMS/cm
sy/m/n/12 fg[]\OML/cmm/m/it/12 n\OMS/cmsy/m/n/12 fg\OML/cmm/m/it/12 impliesxn\O
MS/cmsy/m/n/12 fg\OML/cmm/m/it/12 cupn\OMS/cmsy/m/n/12 fgf\OML/cmm/m/it/12 xn\O
MS/cmsy/m/n/12 fgg\OML/cmm/m/it/12 n\OMS/cmsy/m/n/12 fg\OML/cmm/m/it/12 inAn\OM
S/cmsy/m/n/12 fg[]\OT1/cmr/m/n/12 ))\OML/cmm/m/it/12 n\OMS/cmsy/m/n/12 fg\OML/c
mm/m/it/12 quadn\OMS/cmsy/m/n/12 fg\OML/cmm/m/it/12 text\OMS/cmsy/m/n/12 f\OT1/
cmr/m/n/12 (\OML/cmm/m/it/12 AxiomofInfinity\OT1/cmr/m/n/12 )\OMS/cmsy/m/n/12 g
\OML/cmm/m/it/12 n\OMS/cmsy/m/n/12 fg\OML/cmm/m/it/12 end\OMS/cmsy/m/n/12 f\OML
/cmm/m/it/12 align\OMS/cmsy/m/n/12 ^^Cg$ 
 []



[1

{C:/Users/m4xbr/AppData/Local/MiKTeX/fonts/map/pdftex/pdftex.map}]
(C:\Users\m4xbr\OneDrive\Documents\GitHub\encyclopedia_project\pdf_output\found
ations-preliminaries-mathematical-logic-proof-techniques-formal-systems-and-axi
omatic-methods.aux)
 ***********
LaTeX2e <2025-06-01> patch level 1
L3 programming layer <2025-07-19>
 ***********


Package rerunfilecheck Warning: File `foundations-preliminaries-mathematical-lo
gic-proof-techniques-formal-systems-and-axiomatic-methods.out' has changed.
(rerunfilecheck)                Rerun to get outlines right
(rerunfilecheck)                or use package `bookmark'.

Package rerunfilecheck Info: Checksums for `foundations-preliminaries-mathemati
cal-logic-proof-techniques-formal-systems-and-axiomatic-methods.out':
(rerunfilecheck)             Before: <no file>
(rerunfilecheck)             After:  D41D8CD98F00B204E9800998ECF8427E;0.
 ) 
Here is how much of TeX's memory you used:
 9593 strings out of 468149
 147416 string characters out of 5431083
 564643 words of memory out of 5000000
 38114 multiletter control sequences out of 15000+600000
 631470 words of font info for 58 fonts, out of 8000000 for 9000
 1141 hyphenation exceptions out of 8191
 75i,5n,79p,705b,443s stack positions out of 10000i,1000n,20000p,200000b,200000s
<C:/Users/m4xbr/AppData/Local/Programs/MiKTeX/fonts/type1/public/amsfonts/cm/
cmmi12.pfb><C:/Users/m4xbr/AppData/Local/Programs/MiKTeX/fonts/type1/public/ams
fonts/cm/cmr12.pfb><C:/Users/m4xbr/AppData/Local/Programs/MiKTeX/fonts/type1/pu
blic/amsfonts/cm/cmr8.pfb><C:/Users/m4xbr/AppData/Local/Programs/MiKTeX/fonts/t
ype1/public/amsfonts/cm/cmsy10.pfb>
Output written on C:\Users\m4xbr\OneDrive\Documents\GitHub\encyclopedia_project
\pdf_output\foundations-preliminaries-mathematical-logic-proof-techniques-forma
l-systems-and-axiomatic-methods.pdf (1 page, 57272 bytes).
PDF statistics:
 31 PDF objects out of 1000 (max. 8388607)
 2 named destinations out of 1000 (max. 500000)
 1 words of extra memory for PDF output out of 10000 (max. 10000000)

